<?xml version="1.0" encoding="UTF-8"?>
<!-- Generated by org.testng.reporters.JUnitReportReporter -->
<testsuite hostname="LAPTOP-8PO5ARJU" failures="0" tests="1" name="InterviewQuestionsAnswers_07.Part19_1SeleniumwithJavaTutorial2" time="23.162" errors="0" timestamp="2022-10-07T16:12:20 IST" skipped="0">
  <testcase classname="InterviewQuestionsAnswers_07.Part19_1SeleniumwithJavaTutorial2" name="part19_SeleniumwithJavaTutorial" time="23.162"/>
  <system-out/>
</testsuite> <!-- InterviewQuestionsAnswers_07.Part19_1SeleniumwithJavaTutorial2 -->
