<?xml version="1.0" encoding="UTF-8"?>
<!-- Generated by org.testng.reporters.JUnitReportReporter -->
<testsuite hostname="LAPTOP-8PO5ARJU" failures="0" tests="1" name="InterviewQuestionsAnswers_01.Part17_SeleniumwithJavaTutorial" time="30.825" errors="0" timestamp="2022-10-07T13:02:27 IST" skipped="0">
  <testcase classname="InterviewQuestionsAnswers_01.Part17_SeleniumwithJavaTutorial" name="part17_SeleniumwithJavaTutorial" time="30.825"/>
  <system-out/>
</testsuite> <!-- InterviewQuestionsAnswers_01.Part17_SeleniumwithJavaTutorial -->
