<?xml version="1.0" encoding="UTF-8"?>
<!-- Generated by org.testng.reporters.JUnitReportReporter -->
<testsuite hostname="LAPTOP-8PO5ARJU" failures="0" tests="1" name="InterviewQuestionsAnswers_01.Part8_SeleniumwithJavaTutorial" time="31.226" errors="0" timestamp="2022-10-04T13:10:49 IST" skipped="0">
  <testcase classname="InterviewQuestionsAnswers_01.Part8_SeleniumwithJavaTutorial" name="part8_SeleniumwithJavaTutorial" time="31.226"/>
  <system-out/>
</testsuite> <!-- InterviewQuestionsAnswers_01.Part8_SeleniumwithJavaTutorial -->
