<?xml version="1.0" encoding="UTF-8"?>
<!-- Generated by org.testng.reporters.JUnitReportReporter -->
<testsuite hostname="LAPTOP-8PO5ARJU" failures="0" tests="1" name="InterviewQuestionsAnswers_02.Part8_1SeleniumwithJavaTutorial" time="58.995" errors="0" timestamp="2022-10-06T11:38:01 IST" skipped="0">
  <testcase classname="InterviewQuestionsAnswers_02.Part8_1SeleniumwithJavaTutorial" name="part8_1SeleniumwithJavaTutorial" time="58.995"/>
  <system-out/>
</testsuite> <!-- InterviewQuestionsAnswers_02.Part8_1SeleniumwithJavaTutorial -->
