<?xml version="1.0" encoding="UTF-8"?>
<!-- Generated by org.testng.reporters.JUnitReportReporter -->
<testsuite hostname="LAPTOP-8PO5ARJU" failures="0" tests="1" name="InterviewQuestionsAnswers_13.Part27_1SeleniumwithJavaTutorial" time="18.041" errors="0" timestamp="2022-10-11T12:40:51 IST" skipped="0">
  <testcase classname="InterviewQuestionsAnswers_13.Part27_1SeleniumwithJavaTutorial" name="part27_1SeleniumwithJavaTutorial" time="18.041"/>
  <system-out/>
</testsuite> <!-- InterviewQuestionsAnswers_13.Part27_1SeleniumwithJavaTutorial -->
