<?xml version="1.0" encoding="UTF-8"?>
<!-- Generated by org.testng.reporters.JUnitReportReporter -->
<testsuite hostname="LAPTOP-8PO5ARJU" failures="0" tests="1" name="InterviewQuestionsAnswers_05.Part17_1SeleniumwithJavaTutorial" time="11.229" errors="0" timestamp="2022-10-07T13:13:07 IST" skipped="0">
  <testcase classname="InterviewQuestionsAnswers_05.Part17_1SeleniumwithJavaTutorial" name="part17_1SeleniumwithJavaTutorial" time="11.229"/>
  <system-out/>
</testsuite> <!-- InterviewQuestionsAnswers_05.Part17_1SeleniumwithJavaTutorial -->
