<?xml version="1.0" encoding="UTF-8"?>
<!-- Generated by org.testng.reporters.JUnitReportReporter -->
<testsuite hostname="LAPTOP-8PO5ARJU" failures="0" tests="1" name="InterviewQuestionsAnswers_01.Part3_SeleniumwithJavaTutorial" time="30.677" errors="0" timestamp="2022-10-03T09:56:13 IST" skipped="0">
  <testcase classname="InterviewQuestionsAnswers_01.Part3_SeleniumwithJavaTutorial" name="part3_SeleniumwithJavaTutorial" time="30.677"/>
  <system-out/>
</testsuite> <!-- InterviewQuestionsAnswers_01.Part3_SeleniumwithJavaTutorial -->
