<?xml version="1.0" encoding="UTF-8"?>
<!-- Generated by org.testng.reporters.JUnitReportReporter -->
<testsuite hostname="LAPTOP-8PO5ARJU" failures="0" tests="1" name="InterviewQuestionsAnswers_10.Part24_1SeleniumwithJavaTutorial" time="29.178" errors="0" timestamp="2022-10-11T11:09:41 IST" skipped="0">
  <testcase classname="InterviewQuestionsAnswers_10.Part24_1SeleniumwithJavaTutorial" name="part24_SeleniumwithJavaTutorial" time="29.178"/>
  <system-out/>
</testsuite> <!-- InterviewQuestionsAnswers_10.Part24_1SeleniumwithJavaTutorial -->
