<?xml version="1.0" encoding="UTF-8"?>
<!-- Generated by org.testng.reporters.JUnitReportReporter -->
<testsuite hostname="LAPTOP-8PO5ARJU" failures="0" tests="1" name="InterviewQuestionsAnswers_05.Part17_2SeleniumwithJavaTutorial" time="27.411" errors="0" timestamp="2022-10-07T13:25:53 IST" skipped="0">
  <testcase classname="InterviewQuestionsAnswers_05.Part17_2SeleniumwithJavaTutorial" name="part17_2SeleniumwithJavaTutorial" time="27.411"/>
  <system-out/>
</testsuite> <!-- InterviewQuestionsAnswers_05.Part17_2SeleniumwithJavaTutorial -->
