<?xml version="1.0" encoding="UTF-8"?>
<!-- Generated by org.testng.reporters.JUnitReportReporter -->
<testsuite hostname="LAPTOP-8PO5ARJU" failures="0" tests="1" name="InterviewQuestionsAnswers_15.Part31_SeleniumwithJavaTutorial" time="26.655" errors="0" timestamp="2022-10-11T19:55:19 IST" skipped="0">
  <testcase classname="InterviewQuestionsAnswers_15.Part31_SeleniumwithJavaTutorial" name="part31_SeleniumwithJavaTutorial" time="26.655"/>
  <system-out/>
</testsuite> <!-- InterviewQuestionsAnswers_15.Part31_SeleniumwithJavaTutorial -->
