<?xml version="1.0" encoding="UTF-8"?>
<!-- Generated by org.testng.reporters.JUnitReportReporter -->
<testsuite hostname="LAPTOP-8PO5ARJU" failures="0" tests="1" name="InterviewQuestionsAnswers_12.Part26_SeleniumwithJavaTutorial2" time="47.318" errors="0" timestamp="2022-10-11T12:14:21 IST" skipped="0">
  <testcase classname="InterviewQuestionsAnswers_12.Part26_SeleniumwithJavaTutorial2" name="part26_SeleniumwithJavaTutorial" time="47.318"/>
  <system-out/>
</testsuite> <!-- InterviewQuestionsAnswers_12.Part26_SeleniumwithJavaTutorial2 -->
