<?xml version="1.0" encoding="UTF-8"?>
<!-- Generated by org.testng.reporters.JUnitReportReporter -->
<testsuite hostname="LAPTOP-8PO5ARJU" failures="0" tests="1" name="InterviewQuestionsAnswers_14.Part28_1SeleniumwithJavaTutorial" time="28.009" errors="0" timestamp="2022-10-11T16:09:14 IST" skipped="0">
  <testcase classname="InterviewQuestionsAnswers_14.Part28_1SeleniumwithJavaTutorial" name="part27_1SeleniumwithJavaTutorial" time="28.009"/>
  <system-out/>
</testsuite> <!-- InterviewQuestionsAnswers_14.Part28_1SeleniumwithJavaTutorial -->
