<?xml version="1.0" encoding="UTF-8"?>
<!-- Generated by org.testng.reporters.JUnitReportReporter -->
<testsuite hostname="LAPTOP-8PO5ARJU" failures="0" tests="1" name="InterviewQuestionsAnswers_09.Part23_SeleniumwithJavaTutorial" time="41.391" errors="0" timestamp="2022-10-11T08:53:08 IST" skipped="0">
  <testcase classname="InterviewQuestionsAnswers_09.Part23_SeleniumwithJavaTutorial" name="part23_SeleniumwithJavaTutorial" time="41.391"/>
  <system-out/>
</testsuite> <!-- InterviewQuestionsAnswers_09.Part23_SeleniumwithJavaTutorial -->
