<?xml version="1.0" encoding="UTF-8"?>
<!-- Generated by org.testng.reporters.JUnitReportReporter -->
<testsuite hostname="LAPTOP-8PO5ARJU" failures="0" tests="1" name="InterviewQuestionsAnswers_07.Part19_SeleniumwithJavaTutorial2" time="25.013" errors="0" timestamp="2022-10-07T16:27:58 IST" skipped="0">
  <testcase classname="InterviewQuestionsAnswers_07.Part19_SeleniumwithJavaTutorial2" name="part19_SeleniumwithJavaTutorial" time="25.013"/>
  <system-out/>
</testsuite> <!-- InterviewQuestionsAnswers_07.Part19_SeleniumwithJavaTutorial2 -->
