<?xml version="1.0" encoding="UTF-8"?>
<!-- Generated by org.testng.reporters.JUnitReportReporter -->
<testsuite hostname="LAPTOP-8PO5ARJU" failures="0" tests="1" name="InterviewQuestionsAnswers_01.Part11_SeleniumwithJavaTutorial" time="24.061" errors="0" timestamp="2022-10-06T15:55:37 IST" skipped="0">
  <testcase classname="InterviewQuestionsAnswers_01.Part11_SeleniumwithJavaTutorial" name="part11_SeleniumwithJavaTutorial" time="24.061"/>
  <system-out/>
</testsuite> <!-- InterviewQuestionsAnswers_01.Part11_SeleniumwithJavaTutorial -->
