<?xml version="1.0" encoding="UTF-8"?>
<!-- Generated by org.testng.reporters.JUnitReportReporter -->
<testsuite hostname="LAPTOP-8PO5ARJU" failures="0" tests="1" name="InterviewQuestionsAnswers_07.Part19_SeleniumwithJavaTutorial" time="27.080" errors="0" timestamp="2022-10-07T15:30:18 IST" skipped="0">
  <testcase classname="InterviewQuestionsAnswers_07.Part19_SeleniumwithJavaTutorial" name="part19_SeleniumwithJavaTutorial" time="27.080"/>
  <system-out/>
</testsuite> <!-- InterviewQuestionsAnswers_07.Part19_SeleniumwithJavaTutorial -->
