<?xml version="1.0" encoding="UTF-8"?>
<!-- Generated by org.testng.reporters.JUnitReportReporter -->
<testsuite hostname="LAPTOP-8PO5ARJU" failures="0" tests="1" name="InterviewQuestionsAnswers_01.Part14_SeleniumwithJavaTutorial" time="16.320" errors="0" timestamp="2022-10-07T09:22:04 IST" skipped="0">
  <testcase classname="InterviewQuestionsAnswers_01.Part14_SeleniumwithJavaTutorial" name="part14_SeleniumwithJavaTutorial" time="16.320"/>
  <system-out/>
</testsuite> <!-- InterviewQuestionsAnswers_01.Part14_SeleniumwithJavaTutorial -->
