<?xml version="1.0" encoding="UTF-8"?>
<!-- Generated by org.testng.reporters.JUnitReportReporter -->
<testsuite hostname="LAPTOP-8PO5ARJU" failures="0" tests="1" name="InterviewQuestionsAnswers_08.Part20_SeleniumwithJavaTutorial" time="83.024" errors="0" timestamp="2022-10-08T09:47:48 IST" skipped="0">
  <testcase classname="InterviewQuestionsAnswers_08.Part20_SeleniumwithJavaTutorial" name="part20_SeleniumwithJavaTutorial" time="83.024"/>
  <system-out/>
</testsuite> <!-- InterviewQuestionsAnswers_08.Part20_SeleniumwithJavaTutorial -->
