<?xml version="1.0" encoding="UTF-8"?>
<!-- Generated by org.testng.reporters.JUnitReportReporter -->
<testsuite hostname="LAPTOP-8PO5ARJU" failures="0" tests="1" name="InterviewQuestionsAnswers_01.Part9_SeleniumwithJavaTutorial" time="35.241" errors="0" timestamp="2022-10-06T12:27:35 IST" skipped="0">
  <testcase classname="InterviewQuestionsAnswers_01.Part9_SeleniumwithJavaTutorial" name="part8_1SeleniumwithJavaTutorial" time="35.241"/>
  <system-out/>
</testsuite> <!-- InterviewQuestionsAnswers_01.Part9_SeleniumwithJavaTutorial -->
