<?xml version="1.0" encoding="UTF-8"?>
<!-- Generated by org.testng.reporters.JUnitReportReporter -->
<testsuite hostname="LAPTOP-8PO5ARJU" failures="0" tests="1" name="InterviewQuestionsAnswers_01.Part7_SeleniumwithJavaTutorial" time="28.173" errors="0" timestamp="2022-10-04T11:00:46 IST" skipped="0">
  <testcase classname="InterviewQuestionsAnswers_01.Part7_SeleniumwithJavaTutorial" name="part7_SeleniumwithJavaTutorial" time="28.173"/>
  <system-out/>
</testsuite> <!-- InterviewQuestionsAnswers_01.Part7_SeleniumwithJavaTutorial -->
