<?xml version="1.0" encoding="UTF-8"?>
<!-- Generated by org.testng.reporters.JUnitReportReporter -->
<testsuite hostname="LAPTOP-8PO5ARJU" failures="0" tests="1" name="InterviewQuestionsAnswers_15.part30_SeleniumwithJavaTutorial" time="31.491" errors="0" timestamp="2022-10-11T18:11:10 IST" skipped="0">
  <testcase classname="InterviewQuestionsAnswers_15.part30_SeleniumwithJavaTutorial" name="part29_SeleniumwithJavaTutorial" time="31.491"/>
  <system-out/>
</testsuite> <!-- InterviewQuestionsAnswers_15.part30_SeleniumwithJavaTutorial -->
