<?xml version="1.0" encoding="UTF-8"?>
<!-- Generated by org.testng.reporters.JUnitReportReporter -->
<testsuite hostname="LAPTOP-8PO5ARJU" failures="0" tests="1" name="InterviewQuestionsAnswers_04.Part16_1SeleniumwithJavaTutorial" time="74.939" errors="0" timestamp="2022-10-07T12:13:10 IST" skipped="0">
  <testcase classname="InterviewQuestionsAnswers_04.Part16_1SeleniumwithJavaTutorial" name="part2_SeleniumwithJavaTutorial" time="74.939"/>
  <system-out/>
</testsuite> <!-- InterviewQuestionsAnswers_04.Part16_1SeleniumwithJavaTutorial -->
