<?xml version="1.0" encoding="UTF-8"?>
<!-- Generated by org.testng.reporters.JUnitReportReporter -->
<testsuite hostname="LAPTOP-8PO5ARJU" failures="0" tests="1" name="InterviewQuestionsAnswers_01.Part10_SeleniumwithJavaTutorial" time="44.519" errors="0" timestamp="2022-10-06T14:12:05 IST" skipped="0">
  <testcase classname="InterviewQuestionsAnswers_01.Part10_SeleniumwithJavaTutorial" name="part10_1SeleniumwithJavaTutorial" time="44.519"/>
  <system-out/>
</testsuite> <!-- InterviewQuestionsAnswers_01.Part10_SeleniumwithJavaTutorial -->
