<?xml version="1.0" encoding="UTF-8"?>
<!-- Generated by org.testng.reporters.JUnitReportReporter -->
<testsuite hostname="LAPTOP-8PO5ARJU" failures="0" tests="1" name="InterviewQuestionsAnswers_01.Part5_SeleniumwithJavaTutorial" time="34.178" errors="0" timestamp="2022-10-04T09:18:40 IST" skipped="0">
  <testcase classname="InterviewQuestionsAnswers_01.Part5_SeleniumwithJavaTutorial" name="part5_SeleniumwithJavaTutorial" time="34.178"/>
  <system-out/>
</testsuite> <!-- InterviewQuestionsAnswers_01.Part5_SeleniumwithJavaTutorial -->
