<?xml version="1.0" encoding="UTF-8"?>
<!-- Generated by org.testng.reporters.JUnitReportReporter -->
<testsuite hostname="LAPTOP-8PO5ARJU" failures="0" tests="1" name="InterviewQuestionsAnswers_08.part21_2SeleniumwithJavaTutorial" time="72.978" errors="0" timestamp="2022-10-11T08:22:56 IST" skipped="0">
  <testcase classname="InterviewQuestionsAnswers_08.part21_2SeleniumwithJavaTutorial" name="part21_SeleniumwithJavaTutorial" time="72.978"/>
  <system-out/>
</testsuite> <!-- InterviewQuestionsAnswers_08.part21_2SeleniumwithJavaTutorial -->
