<?xml version="1.0" encoding="UTF-8"?>
<!-- Generated by org.testng.reporters.JUnitReportReporter -->
<testsuite hostname="LAPTOP-8PO5ARJU" failures="0" tests="1" name="InterviewQuestionsAnswers_10.Part24_SeleniumwithJavaTutorial" time="27.353" errors="0" timestamp="2022-10-11T10:54:06 IST" skipped="0">
  <testcase classname="InterviewQuestionsAnswers_10.Part24_SeleniumwithJavaTutorial" name="part2_SeleniumwithJavaTutorial" time="27.353"/>
  <system-out/>
</testsuite> <!-- InterviewQuestionsAnswers_10.Part24_SeleniumwithJavaTutorial -->
