<?xml version="1.0" encoding="UTF-8"?>
<!-- Generated by org.testng.reporters.JUnitReportReporter -->
<testsuite hostname="LAPTOP-8PO5ARJU" failures="0" tests="1" name="InterviewQuestionsAnswers_15.Part29_SeleniumwithJavaTutorial" time="20.114" errors="0" timestamp="2022-10-11T16:38:23 IST" skipped="0">
  <testcase classname="InterviewQuestionsAnswers_15.Part29_SeleniumwithJavaTutorial" name="part29_SeleniumwithJavaTutorial" time="20.114"/>
  <system-out/>
</testsuite> <!-- InterviewQuestionsAnswers_15.Part29_SeleniumwithJavaTutorial -->
