<?xml version="1.0" encoding="UTF-8"?>
<!-- Generated by org.testng.reporters.JUnitReportReporter -->
<testsuite hostname="LAPTOP-8PO5ARJU" failures="0" tests="1" name="InterviewQuestionsAnswers_11.Part25_1SeleniumwithJavaTutorial" time="79.675" errors="0" timestamp="2022-10-11T11:47:08 IST" skipped="0">
  <testcase classname="InterviewQuestionsAnswers_11.Part25_1SeleniumwithJavaTutorial" name="part25_1SeleniumwithJavaTutorial" time="79.675"/>
  <system-out/>
</testsuite> <!-- InterviewQuestionsAnswers_11.Part25_1SeleniumwithJavaTutorial -->
