<?xml version="1.0" encoding="UTF-8"?>
<!-- Generated by org.testng.reporters.JUnitReportReporter -->
<testsuite hostname="LAPTOP-8PO5ARJU" failures="0" tests="1" name="InterviewQuestionsAnswers_04.Part15_1SeleniumwithJavaTutorial" time="36.008" errors="0" timestamp="2022-10-07T10:21:15 IST" skipped="0">
  <testcase classname="InterviewQuestionsAnswers_04.Part15_1SeleniumwithJavaTutorial" name="part15_SeleniumwithJavaTutorial" time="36.008"/>
  <system-out/>
</testsuite> <!-- InterviewQuestionsAnswers_04.Part15_1SeleniumwithJavaTutorial -->
