<?xml version="1.0" encoding="UTF-8"?>
<!-- Generated by org.testng.reporters.JUnitReportReporter -->
<testsuite hostname="LAPTOP-8PO5ARJU" failures="0" tests="1" name="InterviewQuestionsAnswers_11.Part25_SeleniumwithJavaTutorial" time="35.553" errors="0" timestamp="2022-10-11T11:24:16 IST" skipped="0">
  <testcase classname="InterviewQuestionsAnswers_11.Part25_SeleniumwithJavaTutorial" name="part25_SeleniumwithJavaTutorial" time="35.553"/>
  <system-out/>
</testsuite> <!-- InterviewQuestionsAnswers_11.Part25_SeleniumwithJavaTutorial -->
