<?xml version="1.0" encoding="UTF-8"?>
<!-- Generated by org.testng.reporters.JUnitReportReporter -->
<testsuite hostname="LAPTOP-8PO5ARJU" failures="0" tests="1" name="InterviewQuestionsAnswers_07.Part19_1SeleniumwithJavaTutorial" time="25.942" errors="0" timestamp="2022-10-07T15:53:25 IST" skipped="0">
  <testcase classname="InterviewQuestionsAnswers_07.Part19_1SeleniumwithJavaTutorial" name="part19_SeleniumwithJavaTutorial" time="25.942"/>
  <system-out/>
</testsuite> <!-- InterviewQuestionsAnswers_07.Part19_1SeleniumwithJavaTutorial -->
