<?xml version="1.0" encoding="UTF-8"?>
<!-- Generated by org.testng.reporters.JUnitReportReporter -->
<testsuite hostname="LAPTOP-8PO5ARJU" failures="0" tests="1" name="InterviewQuestionsAnswers_06.part18_1SeleniumwithJavaTutorial" time="32.615" errors="0" timestamp="2022-10-07T14:27:54 IST" skipped="0">
  <testcase classname="InterviewQuestionsAnswers_06.part18_1SeleniumwithJavaTutorial" name="part18_SeleniumwithJavaTutorial" time="32.615"/>
  <system-out/>
</testsuite> <!-- InterviewQuestionsAnswers_06.part18_1SeleniumwithJavaTutorial -->
