<?xml version="1.0" encoding="UTF-8"?>
<!-- Generated by org.testng.reporters.JUnitReportReporter -->
<testsuite hostname="LAPTOP-8PO5ARJU" failures="0" tests="1" name="InterviewQuestionsAnswers_06.Part18_SeleniumwithJavaTutorial" time="25.596" errors="0" timestamp="2022-10-07T13:54:36 IST" skipped="0">
  <testcase classname="InterviewQuestionsAnswers_06.Part18_SeleniumwithJavaTutorial" name="part18_SeleniumwithJavaTutorial" time="25.596"/>
  <system-out/>
</testsuite> <!-- InterviewQuestionsAnswers_06.Part18_SeleniumwithJavaTutorial -->
