<?xml version="1.0" encoding="UTF-8"?>
<!-- Generated by org.testng.reporters.JUnitReportReporter -->
<testsuite hostname="LAPTOP-8PO5ARJU" failures="0" tests="1" name="InterviewQuestionsAnswers_06.Part18_2SeleniumwithJavaTutorial" time="46.883" errors="0" timestamp="2022-10-07T14:42:13 IST" skipped="0">
  <testcase classname="InterviewQuestionsAnswers_06.Part18_2SeleniumwithJavaTutorial" name="part18_2SeleniumwithJavaTutorial" time="46.883"/>
  <system-out/>
</testsuite> <!-- InterviewQuestionsAnswers_06.Part18_2SeleniumwithJavaTutorial -->
