<?xml version="1.0" encoding="UTF-8"?>
<!-- Generated by org.testng.reporters.JUnitReportReporter -->
<testsuite hostname="LAPTOP-8PO5ARJU" failures="0" tests="1" name="InterviewQuestionsAnswers_01.Part16_SeleniumwithJavaTutorial" time="63.927" errors="0" timestamp="2022-10-07T11:39:11 IST" skipped="0">
  <testcase classname="InterviewQuestionsAnswers_01.Part16_SeleniumwithJavaTutorial" name="part16_SeleniumwithJavaTutorial" time="63.927"/>
  <system-out/>
</testsuite> <!-- InterviewQuestionsAnswers_01.Part16_SeleniumwithJavaTutorial -->
