<?xml version="1.0" encoding="UTF-8"?>
<!-- Generated by org.testng.reporters.JUnitReportReporter -->
<testsuite hostname="LAPTOP-8PO5ARJU" failures="0" tests="1" name="InterviewQuestionsAnswers_01.Part6_SeleniumwithJavaTutorial" time="26.763" errors="0" timestamp="2022-10-04T10:42:57 IST" skipped="0">
  <testcase classname="InterviewQuestionsAnswers_01.Part6_SeleniumwithJavaTutorial" name="part6_SeleniumwithJavaTutorial" time="26.763"/>
  <system-out/>
</testsuite> <!-- InterviewQuestionsAnswers_01.Part6_SeleniumwithJavaTutorial -->
