<?xml version="1.0" encoding="UTF-8"?>
<!-- Generated by org.testng.reporters.JUnitReportReporter -->
<testsuite hostname="LAPTOP-8PO5ARJU" failures="0" tests="1" name="InterviewQuestionsAnswers_09.part23_1SeleniumwithJavaTutorial" time="12.978" errors="0" timestamp="2022-10-11T09:27:31 IST" skipped="0">
  <testcase classname="InterviewQuestionsAnswers_09.part23_1SeleniumwithJavaTutorial" name="part2_SeleniumwithJavaTutorial" time="12.978"/>
  <system-out/>
</testsuite> <!-- InterviewQuestionsAnswers_09.part23_1SeleniumwithJavaTutorial -->
