<?xml version="1.0" encoding="UTF-8"?>
<!-- Generated by org.testng.reporters.JUnitReportReporter -->
<testsuite hostname="LAPTOP-8PO5ARJU" failures="0" tests="1" name="InterviewQuestionsAnswers_03.Part9_1SeleniumwithJavaTutorial" time="51.475" errors="0" timestamp="2022-10-06T12:41:24 IST" skipped="0">
  <testcase classname="InterviewQuestionsAnswers_03.Part9_1SeleniumwithJavaTutorial" name="part8_1SeleniumwithJavaTutorial" time="51.475"/>
  <system-out/>
</testsuite> <!-- InterviewQuestionsAnswers_03.Part9_1SeleniumwithJavaTutorial -->
